# JRE version: OpenJDK Runtime Environment (14.0.2+12) (build 14.0.2+12-46)
# Java VM: OpenJDK 64-Bit Server VM (14.0.2+12-46, mixed mode, sharing, tiered, compressed oops, g1 gc, windows-amd64)
Heap:
 garbage-first heap   total 393216K, used 232267K [0x00000000a1a00000, 0x0000000100000000)
  region size 1024K, 2 young (2048K), 1 survivors (1024K)
 Metaspace       used 43224K, capacity 44449K, committed 44672K, reserved 1087488K
  class space    used 5490K, capacity 5901K, committed 6016K, reserved 1048576K
GC Heap History (20 events):
Event: 5.669 GC heap before
{Heap before GC invocations=8 (full 0):
 garbage-first heap   total 66560K, used 46449K [0x00000000a1a00000, 0x0000000100000000)
  region size 1024K, 32 young (32768K), 4 survivors (4096K)
 Metaspace       used 29641K, capacity 30503K, committed 30720K, reserved 1075200K
  class space    used 3957K, capacity 4278K, committed 4352K, reserved 1048576K
}
Event: 5.680 GC heap after
{Heap after GC invocations=9 (full 0):
 garbage-first heap   total 66560K, used 20462K [0x00000000a1a00000, 0x0000000100000000)
  region size 1024K, 4 young (4096K), 4 survivors (4096K)
 Metaspace       used 29641K, capacity 30503K, committed 30720K, reserved 1075200K
  class space    used 3957K, capacity 4278K, committed 4352K, reserved 1048576K
}
Event: 6.071 GC heap before
{Heap before GC invocations=9 (full 0):
 garbage-first heap   total 66560K, used 48110K [0x00000000a1a00000, 0x0000000100000000)
  region size 1024K, 31 young (31744K), 4 survivors (4096K)
 Metaspace       used 31578K, capacity 32553K, committed 32896K, reserved 1077248K
  class space    used 4264K, capacity 4616K, committed 4736K, reserved 1048576K
}
Event: 6.082 GC heap after
{Heap after GC invocations=10 (full 0):
 garbage-first heap   total 66560K, used 23398K [0x00000000a1a00000, 0x0000000100000000)
  region size 1024K, 3 young (3072K), 3 survivors (3072K)
 Metaspace       used 31578K, capacity 32553K, committed 32896K, reserved 1077248K
  class space    used 4264K, capacity 4616K, committed 4736K, reserved 1048576K
}
Event: 6.418 GC heap before
{Heap before GC invocations=10 (full 0):
 garbage-first heap   total 66560K, used 48998K [0x00000000a1a00000, 0x0000000100000000)
  region size 1024K, 28 young (28672K), 3 survivors (3072K)
 Metaspace       used 32662K, capacity 33665K, committed 33792K, reserved 1079296K
  class space    used 4409K, capacity 4750K, committed 4864K, reserved 1048576K
}
Event: 6.429 GC heap after
{Heap after GC invocations=11 (full 0):
 garbage-first heap   total 79872K, used 25460K [0x00000000a1a00000, 0x0000000100000000)
  region size 1024K, 3 young (3072K), 3 survivors (3072K)
 Metaspace       used 32662K, capacity 33665K, committed 33792K, reserved 1079296K
  class space    used 4409K, capacity 4750K, committed 4864K, reserved 1048576K
}
Event: 44.885 GC heap before
{Heap before GC invocations=11 (full 0):
 garbage-first heap   total 79872K, used 54132K [0x00000000a1a00000, 0x0000000100000000)
  region size 1024K, 32 young (32768K), 3 survivors (3072K)
 Metaspace       used 34787K, capacity 35752K, committed 35840K, reserved 1079296K
  class space    used 4666K, capacity 5033K, committed 5120K, reserved 1048576K
}
Event: 44.893 GC heap after
{Heap after GC invocations=12 (full 0):
 garbage-first heap   total 79872K, used 26185K [0x00000000a1a00000, 0x0000000100000000)
  region size 1024K, 3 young (3072K), 3 survivors (3072K)
 Metaspace       used 34787K, capacity 35752K, committed 35840K, reserved 1079296K
  class space    used 4666K, capacity 5033K, committed 5120K, reserved 1048576K
}
Event: 45.572 GC heap before
{Heap before GC invocations=13 (full 0):
 garbage-first heap   total 79872K, used 58953K [0x00000000a1a00000, 0x0000000100000000)
  region size 1024K, 36 young (36864K), 3 survivors (3072K)
 Metaspace       used 40823K, capacity 41949K, committed 42112K, reserved 1085440K
  class space    used 5240K, capacity 5651K, committed 5760K, reserved 1048576K
}
Event: 45.580 GC heap after
{Heap after GC invocations=14 (full 0):
 garbage-first heap   total 79872K, used 27861K [0x00000000a1a00000, 0x0000000100000000)
  region size 1024K, 4 young (4096K), 4 survivors (4096K)
 Metaspace       used 40823K, capacity 41949K, committed 42112K, reserved 1085440K
  class space    used 5240K, capacity 5651K, committed 5760K, reserved 1048576K
}
Event: 60.022 GC heap before
{Heap before GC invocations=15 (full 0):
 garbage-first heap   total 258048K, used 255189K [0x00000000a1a00000, 0x0000000100000000)
  region size 1024K, 28 young (28672K), 4 survivors (4096K)
 Metaspace       used 43102K, capacity 44241K, committed 44416K, reserved 1087488K
  class space    used 5486K, capacity 5903K, committed 6016K, reserved 1048576K
}
Event: 60.030 GC heap after
{Heap after GC invocations=16 (full 0):
 garbage-first heap   total 264192K, used 139589K [0x00000000a1a00000, 0x0000000100000000)
  region size 1024K, 4 young (4096K), 4 survivors (4096K)
 Metaspace       used 43102K, capacity 44241K, committed 44416K, reserved 1087488K
  class space    used 5486K, capacity 5903K, committed 6016K, reserved 1048576K
}
Event: 81.639 GC heap before
{Heap before GC invocations=16 (full 0):
 garbage-first heap   total 264192K, used 172357K [0x00000000a1a00000, 0x0000000100000000)
  region size 1024K, 12 young (12288K), 4 survivors (4096K)
 Metaspace       used 43174K, capacity 44375K, committed 44672K, reserved 1087488K
  class space    used 5492K, capacity 5905K, committed 6016K, reserved 1048576K
}
Event: 81.644 GC heap after
{Heap after GC invocations=17 (full 0):
 garbage-first heap   total 264192K, used 156803K [0x00000000a1a00000, 0x0000000100000000)
  region size 1024K, 1 young (1024K), 1 survivors (1024K)
 Metaspace       used 43174K, capacity 44375K, committed 44672K, reserved 1087488K
  class space    used 5492K, capacity 5905K, committed 6016K, reserved 1048576K
}
Event: 100.682 GC heap before
{Heap before GC invocations=17 (full 0):
 garbage-first heap   total 264192K, used 178307K [0x00000000a1a00000, 0x0000000100000000)
  region size 1024K, 23 young (23552K), 1 survivors (1024K)
 Metaspace       used 43238K, capacity 44471K, committed 44672K, reserved 1087488K
  class space    used 5494K, capacity 5909K, committed 6016K, reserved 1048576K
}
Event: 100.685 GC heap after
{Heap after GC invocations=18 (full 0):
 garbage-first heap   total 264192K, used 148300K [0x00000000a1a00000, 0x0000000100000000)
  region size 1024K, 1 young (1024K), 1 survivors (1024K)
 Metaspace       used 43238K, capacity 44471K, committed 44672K, reserved 1087488K
  class space    used 5494K, capacity 5909K, committed 6016K, reserved 1048576K
}
Event: 100.818 GC heap before
{Heap before GC invocations=19 (full 0):
 garbage-first heap   total 322560K, used 199500K [0x00000000a1a00000, 0x0000000100000000)
  region size 1024K, 2 young (2048K), 1 survivors (1024K)
 Metaspace       used 43224K, capacity 44449K, committed 44672K, reserved 1087488K
  class space    used 5490K, capacity 5901K, committed 6016K, reserved 1048576K
}
Event: 100.820 GC heap after
{Heap after GC invocations=20 (full 0):
 garbage-first heap   total 322560K, used 173916K [0x00000000a1a00000, 0x0000000100000000)
  region size 1024K, 1 young (1024K), 1 survivors (1024K)
 Metaspace       used 43224K, capacity 44449K, committed 44672K, reserved 1087488K
  class space    used 5490K, capacity 5901K, committed 6016K, reserved 1048576K
}
Event: 100.947 GC heap before
{Heap before GC invocations=21 (full 0):
 garbage-first heap   total 329728K, used 210780K [0x00000000a1a00000, 0x0000000100000000)
  region size 1024K, 2 young (2048K), 1 survivors (1024K)
 Metaspace       used 43224K, capacity 44449K, committed 44672K, reserved 1087488K
  class space    used 5490K, capacity 5901K, committed 6016K, reserved 1048576K
}
Event: 100.949 GC heap after
{Heap after GC invocations=22 (full 0):
 garbage-first heap   total 329728K, used 200523K [0x00000000a1a00000, 0x0000000100000000)
  region size 1024K, 1 young (1024K), 1 survivors (1024K)
 Metaspace       used 43224K, capacity 44449K, committed 44672K, reserved 1087488K
  class space    used 5490K, capacity 5901K, committed 6016K, reserved 1048576K
}

