# JRE version: OpenJDK Runtime Environment (14.0.2+12) (build 14.0.2+12-46)
# Java VM: OpenJDK 64-Bit Server VM (14.0.2+12-46, mixed mode, sharing, tiered, compressed oops, g1 gc, windows-amd64)
Heap:
 garbage-first heap   total 61440K, used 19433K [0x00000000a1a00000, 0x0000000100000000)
  region size 1024K, 3 young (3072K), 3 survivors (3072K)
 Metaspace       used 26963K, capacity 27810K, committed 27948K, reserved 1089536K
  class space    used 3647K, capacity 3940K, committed 3968K, reserved 1048576K
GC Heap History (19 events):
Event: 1.058 GC heap before
{Heap before GC invocations=0 (full 0):
 garbage-first heap   total 98304K, used 12288K [0x00000000a1a00000, 0x0000000100000000)
  region size 1024K, 13 young (13312K), 0 survivors (0K)
 Metaspace       used 5697K, capacity 6041K, committed 6272K, reserved 1056768K
  class space    used 733K, capacity 832K, committed 896K, reserved 1048576K
}
Event: 1.069 GC heap after
{Heap after GC invocations=1 (full 0):
 garbage-first heap   total 98304K, used 4732K [0x00000000a1a00000, 0x0000000100000000)
  region size 1024K, 2 young (2048K), 2 survivors (2048K)
 Metaspace       used 5697K, capacity 6041K, committed 6272K, reserved 1056768K
  class space    used 733K, capacity 832K, committed 896K, reserved 1048576K
}
Event: 1.283 GC heap before
{Heap before GC invocations=1 (full 0):
 garbage-first heap   total 98304K, used 13948K [0x00000000a1a00000, 0x0000000100000000)
  region size 1024K, 11 young (11264K), 2 survivors (2048K)
 Metaspace       used 7750K, capacity 8191K, committed 8320K, reserved 1056768K
  class space    used 1026K, capacity 1149K, committed 1152K, reserved 1048576K
}
Event: 1.290 GC heap after
{Heap after GC invocations=2 (full 0):
 garbage-first heap   total 98304K, used 5830K [0x00000000a1a00000, 0x0000000100000000)
  region size 1024K, 1 young (1024K), 1 survivors (1024K)
 Metaspace       used 7750K, capacity 8191K, committed 8320K, reserved 1056768K
  class space    used 1026K, capacity 1149K, committed 1152K, reserved 1048576K
}
Event: 1.589 GC heap before
{Heap before GC invocations=2 (full 0):
 garbage-first heap   total 98304K, used 29382K [0x00000000a1a00000, 0x0000000100000000)
  region size 1024K, 24 young (24576K), 1 survivors (1024K)
 Metaspace       used 11457K, capacity 11927K, committed 12160K, reserved 1058816K
  class space    used 1634K, capacity 1804K, committed 1920K, reserved 1048576K
}
Event: 1.593 GC heap after
{Heap after GC invocations=3 (full 0):
 garbage-first heap   total 98304K, used 6954K [0x00000000a1a00000, 0x0000000100000000)
  region size 1024K, 2 young (2048K), 2 survivors (2048K)
 Metaspace       used 11457K, capacity 11927K, committed 12160K, reserved 1058816K
  class space    used 1634K, capacity 1804K, committed 1920K, reserved 1048576K
}
Event: 1.899 GC heap before
{Heap before GC invocations=3 (full 0):
 garbage-first heap   total 98304K, used 28458K [0x00000000a1a00000, 0x0000000100000000)
  region size 1024K, 25 young (25600K), 2 survivors (2048K)
 Metaspace       used 15860K, capacity 16440K, committed 16512K, reserved 1081344K
  class space    used 2184K, capacity 2396K, committed 2432K, reserved 1048576K
}
Event: 1.905 GC heap after
{Heap after GC invocations=4 (full 0):
 garbage-first heap   total 98304K, used 7752K [0x00000000a1a00000, 0x0000000100000000)
  region size 1024K, 3 young (3072K), 3 survivors (3072K)
 Metaspace       used 15860K, capacity 16440K, committed 16512K, reserved 1081344K
  class space    used 2184K, capacity 2396K, committed 2432K, reserved 1048576K
}
Event: 2.452 GC heap before
{Heap before GC invocations=5 (full 0):
 garbage-first heap   total 34816K, used 34376K [0x00000000a1a00000, 0x0000000100000000)
  region size 1024K, 29 young (29696K), 3 survivors (3072K)
 Metaspace       used 18949K, capacity 19563K, committed 19712K, reserved 1083392K
  class space    used 2575K, capacity 2796K, committed 2816K, reserved 1048576K
}
Event: 2.464 GC heap after
{Heap after GC invocations=6 (full 0):
 garbage-first heap   total 41984K, used 11608K [0x00000000a1a00000, 0x0000000100000000)
  region size 1024K, 7 young (7168K), 7 survivors (7168K)
 Metaspace       used 18949K, capacity 19563K, committed 19712K, reserved 1083392K
  class space    used 2575K, capacity 2796K, committed 2816K, reserved 1048576K
}
Event: 2.818 GC heap before
{Heap before GC invocations=6 (full 0):
 garbage-first heap   total 41984K, used 27992K [0x00000000a1a00000, 0x0000000100000000)
  region size 1024K, 23 young (23552K), 7 survivors (7168K)
 Metaspace       used 20261K, capacity 20877K, committed 20992K, reserved 1083392K
  class space    used 2773K, capacity 3015K, committed 3072K, reserved 1048576K
}
Event: 2.830 GC heap after
{Heap after GC invocations=7 (full 0):
 garbage-first heap   total 51200K, used 14049K [0x00000000a1a00000, 0x0000000100000000)
  region size 1024K, 3 young (3072K), 3 survivors (3072K)
 Metaspace       used 20261K, capacity 20877K, committed 20992K, reserved 1083392K
  class space    used 2773K, capacity 3015K, committed 3072K, reserved 1048576K
}
Event: 3.475 GC heap before
{Heap before GC invocations=7 (full 0):
 garbage-first heap   total 51200K, used 34529K [0x00000000a1a00000, 0x0000000100000000)
  region size 1024K, 23 young (23552K), 3 survivors (3072K)
 Metaspace       used 21978K, capacity 22717K, committed 22784K, reserved 1085440K
  class space    used 3014K, capacity 3305K, committed 3328K, reserved 1048576K
}
Event: 3.483 GC heap after
{Heap after GC invocations=8 (full 0):
 garbage-first heap   total 51200K, used 15100K [0x00000000a1a00000, 0x0000000100000000)
  region size 1024K, 2 young (2048K), 2 survivors (2048K)
 Metaspace       used 21978K, capacity 22717K, committed 22784K, reserved 1085440K
  class space    used 3014K, capacity 3305K, committed 3328K, reserved 1048576K
}
Event: 3.793 GC heap before
{Heap before GC invocations=8 (full 0):
 garbage-first heap   total 51200K, used 36604K [0x00000000a1a00000, 0x0000000100000000)
  region size 1024K, 23 young (23552K), 2 survivors (2048K)
 Metaspace       used 24357K, capacity 25158K, committed 25472K, reserved 1087488K
  class space    used 3304K, capacity 3608K, committed 3712K, reserved 1048576K
}
Event: 3.801 GC heap after
{Heap after GC invocations=9 (full 0):
 garbage-first heap   total 51200K, used 16889K [0x00000000a1a00000, 0x0000000100000000)
  region size 1024K, 3 young (3072K), 3 survivors (3072K)
 Metaspace       used 24357K, capacity 25158K, committed 25472K, reserved 1087488K
  class space    used 3304K, capacity 3608K, committed 3712K, reserved 1048576K
}
Event: 4.155 GC heap before
{Heap before GC invocations=9 (full 0):
 garbage-first heap   total 51200K, used 37369K [0x00000000a1a00000, 0x0000000100000000)
  region size 1024K, 23 young (23552K), 3 survivors (3072K)
 Metaspace       used 25852K, capacity 26783K, committed 26880K, reserved 1089536K
  class space    used 3473K, capacity 3811K, committed 3840K, reserved 1048576K
}
Event: 4.169 GC heap after
{Heap after GC invocations=10 (full 0):
 garbage-first heap   total 51200K, used 18324K [0x00000000a1a00000, 0x0000000100000000)
  region size 1024K, 2 young (2048K), 2 survivors (2048K)
 Metaspace       used 25852K, capacity 26783K, committed 26880K, reserved 1089536K
  class space    used 3473K, capacity 3811K, committed 3840K, reserved 1048576K
}
Event: 4.455 GC heap before
{Heap before GC invocations=10 (full 0):
 garbage-first heap   total 51200K, used 29588K [0x00000000a1a00000, 0x0000000100000000)
  region size 1024K, 15 young (15360K), 2 survivors (2048K)
 Metaspace       used 26963K, capacity 27810K, committed 27948K, reserved 1089536K
  class space    used 3647K, capacity 3940K, committed 3968K, reserved 1048576K
}

